|SourceProjectName:MathSoftDevRef.hpr
|DestinationProjectName:DevRef.htm
whhost.js
whmsg.js
whmozemu.js
whproxy.js
whstub.js
whutils.js
whver.js
whform.js
whphost.js
whstart.js
whtopic.js
whframes.js
whlang.js
whskin_info.htm
whskin_blank.htm
whskin_pickup.htm
whskin_homepage.htm
whnjs.htm
whthost.js
whtdhtml.htm
whihost.js
whibody.htm
whiform.htm
whfhost.js
whfbody.htm
whfform.htm
whghost.js
whgbody.htm
whgdhtml.htm
whgdef.htm
whproj.js
whproj.xml
whproj.htm
whxdata\whtoc.xml
whxdata\whidx.xml
whxdata\whfts.xml
whxdata\whglo.xml
whdata\whtoc.js
whdata\whtoc.htm
whdata\whtdata.js
whdata\whidx.js
whdata\whidx.htm
whdata\whidata.js
whdata\whfts.js
whdata\whfts.htm
whdata\whglo.js
whdata\whglo.htm
whdata\whgdata.js
whdata\whftdata.js
whdata\whfwdata.js
whres.xml
WebHelp.jar
WebHelp.cab
whgdata\whnvp30.htm
whgdata\whnvp31.htm
whgdata\whnvp32.htm
whgdata\whnvp33.htm
whgdata\whnvt30.htm
whgdata\whnvt31.htm
whgdata\whnvt32.htm
whgdata\whnvt33.htm
whgdata\whnvf30.htm
whgdata\whnvf31.htm
whgdata\whnvf32.htm
whgdata\whnvf33.htm
whgdata\whnvl31.htm
whgdata\whnvl32.htm
whgdata\whnvl33.htm
whgdata\whexpbar.gif
cshdat_webhelp.htm
whcsh_home.htm
whcshdata.htm
cshdat_robohelp.htm
wht_tab0.gif
wht_tab1.gif
wht_tab2.gif
wht_tab3.gif
wht_tab4.gif
wht_tab5.gif
wht_tab6.gif
wht_tab7.gif
wht_tab8.gif
wht_glo_h.gif
wht_glo_n.gif
wht_fts_h.gif
wht_fts_n.gif
wht_idx_h.gif
wht_idx_n.gif
wht_toc_h.gif
wht_toc_n.gif
wht_ws.gif
wht_ws_g.gif
wht_logo1.gif
wht_logo2.gif
wht_abgw.jpg
wht_abgi.jpg
wht_abge.jpg
wht_abtw.jpg
wht_abte.jpg
wht_abti.jpg
wht_spac.gif
wht_next.gif
wht_next_g.gif
wht_prev.gif
wht_prev_g.gif
wht_sync.gif
wht_hide.gif
wht_go.gif
whstart.ico
whestart.ico
whrstart.ico
whidhtml.htm
whfdhtml.htm
whskin_banner.htm
whtbar.js
small_PTC_logo.png
about_Mcad.png
Mathsoft.skn
whskin_pdhtml.htm
whskin_papplet.htm
whskin_plist.htm
whskin_tbars.htm
whskin_mbars.htm
wht_toc4.gif
wht_toc1.gif
wht_toc2.gif
wht_toc3.gif
whskin_frmset010.htm
whst_topics.xml
whskin_frmset01.htm
DevRef_hha.hhk
DevRef.hhc
DevRef.hhk
Automation.html
Automation_ex1.html
Automation_ex2.html
Automation_excelembed.html
Automation_vbembed.html
Control_btnevents.html
Control_btnformat.html
Control_btnmethod.html
Control_btnstate.html
Control_button.html
Control_CheckBox.html
Control_ListBox.html
Control_lstevent.html
Control_lstformat.html
Control_lstmethod.html
Control_lststate.html
Control_multiple.html
Control_RadioButton.html
Control_sldevent.html
Control_sldformat.html
Control_sldmethod.html
Control_sldstate.html
Control_Slider.html
Control_TextBox.html
Control_txtformat.html
Control_txtstate.html
Controls.html
enumMCCustomMetadataType.html
enumMCFileFormat.html
enumMCRegionType.html
enumMCSaveOption.html
enumMCWindowState.html
enumMCWorksheetOption.html
ICMCoApplication.html
ICMCoCount.html
ICMCoItem.html
ICustomMetadataCollection.html
ICustomMetadataItem.html
IMAActiveWindow.html
IMAActiveWorksheet.html
IMAApplication.html
IMACloseAll.html
IMADefaultFilePath.html
IMAEnumerations.html
IMAFullName.html
IMAHeight.html
IMALeft.html
IMAName.html
IMAParent.html
IMAPath.html
IMAQuit.html
IMAQuitEvent.html
IMathcadApplication.html
IMathcadApplication2.html
IMathcadApplication_Overview.html
IMathcadMetadata.html
IMathcadRegion.html
IMathcadRegion2.html
IMathcadWindow.html
IMathcadWorksheet.html
IMathcadWorksheet2.html
IMathcadWorksheets.html
IMathInterface.html
IMATop.html
IMatrixCols.html
IMatrixGetElement.html
IMatrixRows.html
IMatrixSetElement.html
IMatrixValue.html
IMAVersion.html
IMAVisible.html
IMAWidth.html
IMAWindowActivatedEvent.html
IMAWindowDeactivatedEvent.html
IMAWindows.html
IMAWorksheetClosingEvent.html
IMAWorksheetOpenedEvent.html
IMAWorksheets.html
IMIErrorMsg.html
IMIHasError.html
IMIUnitsXML.html
IMIXML.html
IMMAddCustomItems.html
IMMCustomItems.html
IMMRegionMetadata.html
IMMRemoveCustomItem.html
IMMWorksheetMetadata.html
IMR2MathInterface.html
IMR2Metadata.html
IMRTag.html
IMRX.html
IMRY.html
IMValue.html
IMW2IsOpen.html
IMW2Metadata.html
IMW2SelectedRegion.html
IMWApplication.html
IMWChangedEvent.html
IMWClose.html
IMWFullName.html
IMWGetOption.html
IMWGetValue.html
IMWiActivate.html
IMWiHeight.html
IMWiLeft.html
IMWiScrollTo.html
IMWiScrollToRegion.html
IMWiTop.html
IMWiWidth.html
IMWiWindowState.html
IMWiZoom.html
IMWMAuthor.html
IMWMCompany.html
IMWMDescription.html
IMWMDocIDs.html
IMWMKeywords.html
IMWMRevised.html
IMWMRevision.html
IMWMTitle.html
IMWName.html
IMWNeedsSave.html
IMWOptions.html
IMWParent.html
IMWPath.html
IMWPrintAll.html
IMWRecalculate.html
IMWRecalculatedEvent.html
IMWRegions.html
IMWsApplication.html
IMWSave.html
IMWSaveAs.html
IMWSetOption.html
IMWSetValue.html
IMWsOpen.html
IMWsParent.html
IMWWindows.html
Index.html
INumericValue.html
INVImag.html
INVInteger.html
INVReal.html
IStringValue.html
ISVValue.html
IVAsString.html
IVType.html
oldAuto_GetComplex.html
oldAuto_Recalculate.html
oldAuto_SaveAs.html
oldAuto_SetComplex.html
oldAutomation.html
Script_automation.html
Script_buttonclass.html
Script_dataval.html
Script_datavalues.html
Script_Events.html
Script_ExecEvent.html
Script_Exporting.html
Script_globalfunctions.html
Script_JSExample.html
Script_listboxclass.html
Script_MultiDArrays.html
Script_sliderclass.html
Script_StartEvent.html
Script_StopEvent.html
Script_textboxclass.html
Script_VariantArrays.html
Script_VBExample.html
ScriptableObject.html
SDK.html
UserDLL_code.html
UserDLL_coderef.html
UserDLL_Compiling.html
UserDLL_COMPLEXARRAY.html
UserDLL_COMPLEXSCALAR.html
UserDLL_CreateUserErrorMessageTable.html
UserDLL_CreateUserFunction.html
UserDLL_ErrorMessages.html
UserDLL_FORTRAN.html
UserDLL_FUNCTIONINFO.html
UserDLL_Help.html
UserDLL_InsertFunc_listing.html
UserDLL_intro.html
UserDLL_isUserInterrupted.html
UserDLL_LRESULT.html
UserDLL_MathcadAllocate.html
UserDLL_MathcadArrayAllocate.html
UserDLL_MathcadArrayFree.html
UserDLL_MathcadFree.html
UserDLL_MCSTRING.html
RoboHHRE.lng
home.css
MAIN_TOPIC.css
Graphics\vboleexample.jpg
Graphics\MODIFIED_RADIO_BUTTON.GIF
Graphics\BUTTON_PROPERTIES.GIF
Graphics\SIMPLE_TEXT_BOX.GIF
Graphics\LIST_BOX_PROPERTIES.GIF
Graphics\SIMPLE_LIST_BOX.GIF
Graphics\SIMPLE_RADIO_BUTTON.GIF
Graphics\MODIFIED_PUSH_BUTTON.GIF
Graphics\automate1.gif
Graphics\MODIFIED_SLIDER.GIF
Graphics\automation_app.gif
Graphics\MODIFIED_CHECK_BOX.GIF
Graphics\SIMPLE_CHECK_BOX.GIF
Graphics\SIMPLE_SLIDER.GIF
Graphics\excelole.jpg
Graphics\SLIDER_PROPERTIES.GIF
Graphics\welcome.gif
Graphics\bordervsclientedge.gif
Graphics\MIXED_1.GIF
Graphics\H2.gif
Graphics\MODIFIED_LIST_BOX.GIF
Graphics\MIXED_2.GIF
Graphics\SIMPLE_PUSH_BUTTON.GIF
Graphics\MODIFIED_TEXT_BOX.GIF
Graphics\tutor_button.gif
ehlpdhtm.js
Graphics\H5.gif
DevRef.ppf
MAIN_TOPIC_ns.css
home_ns.css
whxdata\whtdata0.xml
whxdata\whidata0.xml
whxdata\whftdata0.xml
whxdata\whfwdata0.xml
whdata\whtdata0.htm
whdata\whidata0.htm
whdata\whftdata0.htm
whdata\whfwdata0.htm
whgdata\whlstt0.htm
whgdata\whlstt1.htm
whgdata\whlstt2.htm
whgdata\whlstt3.htm
whgdata\whlstt4.htm
whgdata\whlstt5.htm
whgdata\whlstt6.htm
whgdata\whlstt7.htm
whgdata\whlstt8.htm
whgdata\whlstt9.htm
whgdata\whlstt10.htm
whgdata\whlstt11.htm
whgdata\whlstt12.htm
whgdata\whlstt13.htm
whgdata\whlstt14.htm
whgdata\whlstt15.htm
whgdata\whlstt16.htm
whgdata\whlstt17.htm
whgdata\whlstt18.htm
whgdata\whlstt19.htm
whgdata\whlstt20.htm
whgdata\whlstt21.htm
whgdata\whlstt22.htm
whgdata\whlstt23.htm
whgdata\whlstt24.htm
whgdata\whlstt25.htm
whgdata\whlstt26.htm
whgdata\whlstt27.htm
whgdata\whlstt28.htm
whgdata\whlstt29.htm
whgdata\whlstt30.htm
whgdata\whlstt31.htm
whgdata\whlstt32.htm
whgdata\whlstt33.htm
whgdata\whlstt34.htm
whgdata\whlstt35.htm
whgdata\whlstt36.htm
whgdata\whlstt37.htm
whgdata\whlstt38.htm
whgdata\whlstt39.htm
whgdata\whlstt40.htm
whgdata\whlstt41.htm
whgdata\whlstt42.htm
whgdata\whlstt43.htm
whgdata\whlstt44.htm
whgdata\whlstt45.htm
whgdata\whlstt46.htm
whgdata\whlstt47.htm
whgdata\whlstt48.htm
whgdata\whlstt49.htm
whgdata\whlstt50.htm
whgdata\whlsti0.htm
whgdata\whlsti1.htm
whgdata\whlstfl0.htm
whgdata\whlstfl1.htm
whgdata\whlstfl2.htm
whgdata\whlstfl3.htm
whgdata\whlstfl4.htm
whgdata\whlstfl5.htm
whgdata\whlstfl6.htm
whgdata\whlstfl7.htm
whgdata\whlstfl8.htm
whgdata\whlstfl9.htm
whgdata\whlstfl10.htm
whgdata\whlstfl11.htm
whgdata\whlstfl12.htm
whgdata\whlstfl13.htm
whgdata\whlstfl14.htm
whgdata\whlstfl15.htm
whgdata\whlstfl16.htm
whgdata\whlstfl17.htm
whgdata\whlstfl18.htm
whgdata\whlstfl19.htm
whgdata\whlstfl20.htm
whgdata\whlstfl21.htm
whgdata\whlstfl22.htm
whgdata\whlstfl23.htm
whgdata\whlstfl24.htm
whgdata\whlstfl25.htm
whgdata\whlstfl26.htm
whgdata\whlstf0.htm
whgdata\whlstf1.htm
whgdata\whlstf2.htm
whgdata\whlstf3.htm
whgdata\whlstf4.htm
whgdata\whlstf5.htm
whgdata\whlstf6.htm
whgdata\whlstf7.htm
whgdata\whlstf8.htm
whgdata\whlstf9.htm
whgdata\whlstf10.htm
whgdata\whlstf11.htm
whgdata\whlstf12.htm
whgdata\whlstf13.htm
whgdata\whlstf14.htm
whgdata\whlstf15.htm
whgdata\whlstf16.htm
whgdata\whlstf17.htm
whgdata\whlstf18.htm
whgdata\whlstf19.htm
whgdata\whlstf20.htm
whgdata\whlstf21.htm
whgdata\whlstf22.htm
whgdata\whlstf23.htm
whgdata\whlstg0.htm
DevRef.htm
DevRef_csh.htm
DevRef_rhc.htm
