|SourceProjectName:Mcad.hpr
|DestinationProjectName:Mcad.htm
whhost.js
whmsg.js
whmozemu.js
whproxy.js
whstub.js
whutils.js
whver.js
whform.js
whphost.js
whstart.js
whtopic.js
whframes.js
whlang.js
whskin_info.htm
whskin_blank.htm
whskin_pickup.htm
whskin_homepage.htm
whnjs.htm
whthost.js
whtdhtml.htm
whihost.js
whibody.htm
whiform.htm
whfhost.js
whfbody.htm
whfform.htm
whghost.js
whgbody.htm
whgdhtml.htm
whgdef.htm
whproj.js
whproj.xml
whproj.htm
whxdata\whtoc.xml
whxdata\whidx.xml
whxdata\whfts.xml
whxdata\whglo.xml
whdata\whtoc.js
whdata\whtoc.htm
whdata\whtdata.js
whdata\whidx.js
whdata\whidx.htm
whdata\whidata.js
whdata\whfts.js
whdata\whfts.htm
whdata\whglo.js
whdata\whglo.htm
whdata\whgdata.js
whdata\whftdata.js
whdata\whfwdata.js
whres.xml
WebHelp.jar
WebHelp.cab
whgdata\whnvp30.htm
whgdata\whnvp31.htm
whgdata\whnvp32.htm
whgdata\whnvp33.htm
whgdata\whnvt30.htm
whgdata\whnvt31.htm
whgdata\whnvt32.htm
whgdata\whnvt33.htm
whgdata\whnvf30.htm
whgdata\whnvf31.htm
whgdata\whnvf32.htm
whgdata\whnvf33.htm
whgdata\whnvl31.htm
whgdata\whnvl32.htm
whgdata\whnvl33.htm
whgdata\whexpbar.gif
cshdat_webhelp.htm
whcsh_home.htm
whcshdata.htm
cshdat_robohelp.htm
wht_tab0.gif
wht_tab1.gif
wht_tab2.gif
wht_tab3.gif
wht_tab4.gif
wht_tab5.gif
wht_tab6.gif
wht_tab7.gif
wht_tab8.gif
wht_glo_h.gif
wht_glo_n.gif
wht_fts_h.gif
wht_fts_n.gif
wht_idx_h.gif
wht_idx_n.gif
wht_toc_h.gif
wht_toc_n.gif
wht_ws.gif
wht_ws_g.gif
wht_logo1.gif
wht_logo2.gif
wht_abgw.jpg
wht_abgi.jpg
wht_abge.jpg
wht_abtw.jpg
wht_abte.jpg
wht_abti.jpg
wht_spac.gif
wht_next.gif
wht_next_g.gif
wht_prev.gif
wht_prev_g.gif
wht_sync.gif
wht_hide.gif
wht_go.gif
whstart.ico
whestart.ico
whrstart.ico
whidhtml.htm
whfdhtml.htm
whskin_banner.htm
whtbar.js
small_PTC_logo.png
about_Mcad.png
Mathsoft.skn
whskin_pdhtml.htm
whskin_papplet.htm
whskin_plist.htm
whskin_tbars.htm
whskin_mbars.htm
wht_toc4.gif
wht_toc1.gif
wht_toc2.gif
wht_toc3.gif
whskin_frmset010.htm
whst_topics.xml
whskin_frmset01.htm
Mcad_hha.hhk
Mcad.hhc
Mcad.hhk
2D_axis_limits.html
2D_Default_settings.html
2D_Defaults_Page.html
2D_number_format.html
2D_secondary_y.html
2D_trace.html
2D_Traces_Page.html
2D_Zoom.html
3D_Bar_Plot.html
3D_Colormaps.html
3D_plot_annotation.html
3D_Plot_Format_Dialog_Box.html
3D_Plot_Format_Dialog_Box_(QuickPlot_Data_Tab).html
3D_Plot_Format_Dialog_Box_Advanced_Tab.html
3D_Plot_Format_Dialog_Box_Appearance_Tab.html
3D_Plot_Format_Dialog_Box_Axes_Tab.html
3D_Plot_Format_Dialog_Box_Backplanes_tab.html
3D_Plot_Format_Dialog_Box_General_Tab.html
3D_Plot_Format_Dialog_Box_Lighting_Tab.html
3D_Plot_Format_Dialog_Box_Special_Tab.html
3D_Plot_Format_Dialog_Box_Title_Tab.html
3D_Plot_transformations.html
3d_Scatter_Plots.html
Accuracy.html
Activation.html
Adaptive_smoothing.html
Add_line_operator.html
Addition_operator.html
Aligning_regions.html
And_operator.html
Animation.html
Antisymmetric_tensor_function.html
Applying_a_text_style.html
Approximate_solutions.html
Areas.html
Array_functions.html
Array_manipulation.html
Array_origin.html
Array_subscript_operator.html
Automatic_Calculation_Mode.html
Axes_page_for_xy_plots.html
Bessel_functions.html
Beta_distribution.html
Binomial_distribution.html
Bitmap_Graphics.html
Boolean_toolbar.html
Bspline_interpolation.html
Built_in_constants.html
Built_in_functions_symbolic.html
Builtin_math_functions.html
Calculating_with_Arrays.html
Calculation_order.html
Calculator_toolbar.html
Calculus_toolbar.html
Cauchy_distribution.html
Changing_the_Display_of_an_Operator.html
Chisquared_distribution.html
Cholesky_decomposition.html
Clearing_variables.html
Collaboratory_-_Posting_Messages.html
Collaboratory_-_Reading_Messages.html
Collaboratory_-_Using.html
Collecting_terms.html
combinations.html
Combining_expressions.html
Complex_conjugate_operator.html
complex_numbers.html
complex_results.html
Component_DAQ.html
Component_Excel.html
Component_Matlab.html
Component_ODBC.html
Component_Scriptable_Object.html
Component_SmartSketch.html
Components.html
Components_redistributing.html
Condition_number.html
Context_Sensitive_Help.html
Continued_fractions.html
Contour_Plot.html
Copying_from_an_Ebook.html
correl2d.html
Covariance_function.html
CreateMesh.html
Creating_a_Hyperlink.html
Creating_a_New_SmartSketch_Drawing.html
Creating_a_new_text_style.html
Creating_a_String.html
Creating_a_text_region.html
Creating_user_DLLs.html
Cross_product_operator.html
Cubic_spline_interpolation.html
Currency.html
Current_working_directory.html
Curve_fitting.html
Customize_Toolbar_dialog_box.html
Customizing_a_toolbar.html
Data_wizard.html
Defining_a_Custom_Operator.html
Defining_a_Function.html
Defining_a_Program.html
Defining_a_range_variable.html
Defining_a_unit.html
Defining_a_Variable.html
Density_definitions.html
Derivatives_integrals.html
Determinant_operator.html
Dialog_Animate.html
Dialog_File_Properties.html
Dialog_File_ReadWrite_component_properties.html
Dialog_Insert_Matrix.html
Dialog_paragraph_format.html
Dialog_Preferences.html
Dialog_Properties.html
Dialog_Protect_Worksheet.html
Dialog_result_format.html
Dialog_Save_As_Web_Page_Options.html
Dialog_Selection_Annotation.html
Dialog_Worksheet_Options.html
Differential_equation_solvers.html
Differentiation_operator.html
Dimensions_of_a_matrix.html
Disabling_equations.html
Discontinuous_or_conditional_functions.html
Discrete_transform_functions.html
Displaying_a_nested_array.html
Displaying_vector_or_matrix.html
Division_operator.html
Edit_-_Find.html
Edit_-_Paste.html
Edit_-_Paste_Special.html
Edit_-_Replace.html
Edit_Menu.html
Editing_an_expression.html
Editing_cursor.html
Electronic_Books.html
Embedded_Object.html
Entering_equations.html
Entering_numbers.html
Equal_sign_for_definition.html
Equal_sign_for_evaluation.html
Equal_to_operator.html
Equation_Format_Dialog_Options.html
Error_Function.html
Euler_gamma_function.html
Evaluating_a_function.html
Evaluating_an_Expression.html
Evaluation_toolbar.html
Expanding_expressions.html
Explicit_calculation.html
Exponential_distribution.html
Exponential_regression.html
Exponentiation_operator.html
Exporting_a_Worksheet.html
Expression_type_functions.html
F_Distribution.html
Factorial_operator.html
Factoring_expanding.html
Factoring_polynomials.html
ffts_of_complex_data.html
FFTs_of_real_data.html
File_-_Diff.html
File_-_Save_As.html
File_-_Save_as_Web_Page.html
File_access_functions.html
File_Menu_Commands.html
Finance_functions.html
find.html
Find_and_replace.html
find_not_converging.html
Finding_Eigenvectors.html
Finding_roots.html
Fixing_Errors.html
Format_-_Area_-_Collapse.html
Format_-_Color_-_Background.html
Format_-_Graph_-_XY_Plot.html
Format_-_Properties.html
Format_Menu.html
Functions_for_creating_arrays.html
Gamma_distribution.html
Gauss_hypergeometric_function.html
Gaussian_smoothing.html
Genfit.html
Geometric_distribution.html
Getting_started.html
Global_definition_operator.html
Gradient_operator.html
Graph_Functions.html
Graph_toolbar.html
Graphing_more_than_one_expression.html
Graphing_multiple_3D_plots.html
Greater_than_operator.html
Greatest_common_divisor.html
HeaderFooter_dialog_box.html
Headers_and_footers.html
Help_-_Tip_of_the_Day.html
Help_menu.html
Highlighting_equations.html
histograms.html
HTML_Template.html
Hyperbolic_functions.html
Hypergeometric_distribution.html
if_function.html
Image_processing.html
Imaginary_units.html
Incomplete_beta_function.html
Input_table_properties_format.html
Input_variable.html
Insert_-_Data.html
Insert_-_Picture.html
Insert_Function_Dialog_Options.html
Insert_Graph.html
Insert_Hyperlink_dialog_box.html
Insert_Menu.html
Insert_Object_Dialog_Box.html
Insert_Reference_Dialog_Box.html
Insert_unit_dialog_box.html
Inserting_math_in_text.html
Inserting_space.html
Integration_operator.html
Interpolation_and_Prediction.html
Inverse_hyperbolic_functions.html
Inverse_trig_functions.html
Jacobian.html
Joining_arrays.html
Key_Movement_in_Math.html
Keys_for_editing.html
Keys_for_worksheet_control.html
Keyword_assume.html
Keyword_complex.html
Keyword_FLOAT.html
Keywords.html
Kronecker_delta_function.html
kurtosis_function.html
Labels_page_for_xy_plots.html
Layout_tools.html
Less_than_operator.html
Limit_operators.html
Linear_interpolation.html
Linear_prediction.html
Linear_regression.html
Linear_shooting.html
Linfit.html
Links_Dialog_Box.html
Literal_Subscript_Operator.html
Local_Assignment_Operator.html
Loess.html
Log_and_exponential.html
Log_normal_distribution.html
Logarithmic_regression.html
Logistic_distribution.html
Logistic_regression.html
logpoints.html
Lookup_functions.html
Lowercase_ODE.html
LU_decomposition.html
mapping_functions.html
math_styles.html
math_toolbar.html
Matrix_toolbar.html
Maxima_and_minima.html
Maximizing_or_minimizing_a_function.html
Mean_function.html
Median_smoothing.html
Menu_Commands.html
Mixed_Number_Operator.html
Modifiers.html
Moving_Parts_of_an_Expression.html
Multiplication_Operator.html
Namespace_operator.html
NaN.html
Negation_operator.html
Negative_binomial_distribution.html
Nested_arrays.html
Norm_of_a_matrix.html
Normal_distribution.html
Not_equal_to_operator.html
Number_of_elements_in_a_vector.html
Numerical_Errors.html
Numerical_integration_method.html
Numerical_Methods.html
numol.html
ode_solve.html
ODE_solvers.html
OLE_Automation.html
Operator.html
Other_sources_of_information.html
Output_table_properties_Display.html
Page_breaks.html
Page_Setup_Dialog_Options.html
Partial_fractions.html
Pathname.html
PDE_solve.html
Picture.html
Placeholder_defined.html
Poisson_distribution.html
Poissons_equation.html
Polar_angle.html
Polar_Plot.html
Polynomial_Coefficients.html
Polynomial_functions.html
Polynomial_regression.html
Power_regression.html
Print_Dialog_Box.html
Print_preview.html
Printing_a_worksheet.html
Product_with_range_variables.html
Product_without_range_variables.html
Program_Conditional.html
Program_Control.html
Program_debugging.html
Program_error.html
Program_Loops.html
Programming.html
Programming_toolbar.html
Protecting_Your_Worksheet.html
Provenance.html
QR_decomposition.html
Quickplots.html
Range_variable.html
Rank_of_a_matrix.html
Read_ASCII.html
READBIN_function.html
READFILE.html
Reading_data.html
Recursion.html
Redefinition_Warnings.html
Referenced_worksheets.html
Region.html
Relative_Path.html
Renaming_dimensions.html
Result_format.html
Rewriting_expressions.html
Saving_a_Worksheet_as_earlier.html
Saving_a_worksheet_as_HTML.html
Saving_an_EBook.html
scaling.html
Scripting_an_object.html
Searching_an_EBook.html
Seed.html
selecting_text.html
Series_expansion.html
Simplifying_rewriting.html
Simplifying_Units.html
Singular_value_decomposition.html
Sinusoidal_regression.html
Solve.html
Solve_Block.html
Solve_Block_Advanced_options.html
Solving_algorithms.html
Solving_functions.html
solving_linear_systems.html
Sorting_functions.html
Special_functions.html
Special_Symbolic_Results.html
Square_root_operator.html
Standard_deviation_and_variance.html
Standard_error.html
Statespace.html
Static_unit_checking.html
Statistics_functions.html
string_functions.html
Students_t_distribution.html
Substitution.html
Subtraction_operator.html
Summation_with_range_variables.html
Summation_without_range_variable.html
Superscript_operator.html
Surface_Plot.html
Symbolic_arithmetic.html
Symbolic_calculation.html
Symbolic_calculus.html
Symbolic_equal_sign.html
Symbolic_integration.html
Symbolic_simplification.html
Symbolic_solving.html
Symbolic_toolbar.html
Symbolic_Transforms.html
Symbolic_variables.html
Symbolics_Menu.html
Tables_of_numbers.html
Technical_Support.html
Template.html
Text_Font_Properties.html
Text_Paragraph_Properties.html
Text_region_sizing.html
Text_Styles_Overview.html
The_Mathcad_desktop.html
time.html
Toolbar_debug.html
Toolbar_Formatting.html
Toolbar_Standard.html
Toolbars_-_Control.html
Toolbars_-_Custom.html
Toolbars_-_Ebook.html
Toolbars_-_Greek.html
Tools_-_Optimization.html
Tools_-_Spelling.html
Tools_Menu.html
Tracing_Errors.html
Transpose_operator.html
Trig_Log_Exp.html
Trigonometric_functions.html
Truncation_Functions.html
Uniform_distribution.html
Uniform_polyhedra.html
Unit_Conversions.html
Units_and_Dimensions.html
Updating_Mathcad.html
userEFI_functions.html
Using_the_Help_System.html
Variable_and_function_names.html
Vector_Field_Plot.html
Vectorize_operator.html
Vectors_and_matrices.html
View_-_Regions.html
View_-_Status_Bar.html
View_-_Toolbars.html
View_Menu.html
wav_file_functions.html
Wavelet_transforms.html
Web_Controls.html
Weibull_distribution.html
Welcome.html
Window_Menu.html
Worksheet_Ruler.html
X-y_plot.html
XML_format.html
MAIN_TOPIC.css
home.css
Graphics\symbolic_vectorize.GIF
Graphics\aug_Jacob_col1.GIF
Graphics\img_resetDisplay.png
Graphics\Odesolve_example.GIF
Graphics\parfrac.GIF
Graphics\eqt.gif
Graphics\eqnorm.gif
Graphics\TCHEB.GIF
Graphics\kurt.gif
Graphics\alignment_buttons.gif
Graphics\Resources_Toolbar.gif
Graphics\PROGRET3.GIF
Graphics\UNITNICE.GIF
Graphics\UNITLONG.GIF
Graphics\controls.gif
Graphics\OITERPR2.GIF
Graphics\pntrhand.gif
Graphics\edinmin3.gif
Graphics\edexp110.gif
Graphics\fft_fft.gif
Graphics\matrix.gif
Graphics\ODE_form2.gif
Graphics\jacobian_gen_form.GIF
Graphics\definite_integral_button.GIF
Graphics\limit_def_e.GIF
Graphics\solving_cubic.GIF
Graphics\factor_poly2.GIF
Graphics\HFPGNUM.GIF
Graphics\combinnot.gif
Graphics\gmean.gif
Graphics\st2_vars.gif
Graphics\rjac.gif
Graphics\numberedbutton.gif
Graphics\worksheet_ruler.gif
Graphics\IGAMMA.GIF
Graphics\op_while1.gif
Graphics\otherwise.gif
Graphics\OINTEGR0.GIF
Graphics\ONTHSQRT.GIF
Graphics\formbar.gif
Graphics\GREEK_TOOLBAR.GIF
Graphics\greekbut.gif
Graphics\edexp200.gif
Graphics\edexp100.gif
Graphics\UNDEFINE.GIF
Graphics\chemistry.gif
Graphics\barspace.gif
Graphics\GRAFSQUA.GIF
Graphics\ODE_system_final_form.GIF
Graphics\ODE_system_new_vars.GIF
Graphics\golden_ratio.GIF
Graphics\img_pixelData.png
Graphics\img_setGrayscale.png
Graphics\assume_poly_real.GIF
Graphics\keywords_series_substitute.GIF
Graphics\solve_and_factor.GIF
Graphics\FHYPER.GIF
Graphics\HERFUNCTION.GIF
Graphics\st2_cvar.gif
Graphics\UCHSYS4.GIF
Graphics\units1.GIF
Graphics\progbut.gif
Graphics\custom1.GIF
Graphics\evaluation_toolbar.gif
Graphics\edexp410.gif
Graphics\selbox.gif
Graphics\bas_evf1.gif
Graphics\bas_udf1.gif
Graphics\bas_udv1.gif
Graphics\ODE_first_order_system1.GIF
Graphics\jacobian_ex.GIF
Graphics\rectangular.GIF
Graphics\img_redisplay.png
Graphics\img_zoom.png
Graphics\img_resetOrient.png
Graphics\symbolic_functions.GIF
Graphics\adding_fractions2.GIF
Graphics\Taylor_series_exp.GIF
Graphics\exp_series.GIF
Graphics\MHYPER.GIF
Graphics\JAC.GIF
Graphics\LAGFUNCTION.GIF
Graphics\eqf.gif
Graphics\st2_var.gif
Graphics\ODElhs.gif
Graphics\PROG1A.GIF
Graphics\prgerr5.gif
Graphics\units2.GIF
Graphics\custom2.GIF
Graphics\boolean_toolbar.gif
Graphics\calculusicon.gif
Graphics\einspar1.gif
Graphics\edelmin2.gif
Graphics\edexp400.gif
Graphics\order1.gif
Graphics\bas_evf2.gif
Graphics\bas_udf2.gif
Graphics\bas_udv2.gif
Graphics\PLACEHL.GIF
Graphics\ODE_first_order_system2.GIF
Graphics\higher_order_ODE.GIF
Graphics\def_equals_equals.GIF
Graphics\indefinite_integral_operator.GIF
Graphics\coeffs_degree.GIF
Graphics\laplace_transform_two_vars.GIF
Graphics\two_keywords.GIF
Graphics\HFDATESVD.GIF
Graphics\PERMUT.GIF
Graphics\mixednumbers1.gif
Graphics\units3.GIF
Graphics\custom3.GIF
Graphics\calcicon.gif
Graphics\einspar2.gif
Graphics\edexp302.gif
Graphics\edexp103.gif
Graphics\edexp500.gif
Graphics\order2.gif
Graphics\bas_udf3.gif
Graphics\b_xor.gif
Graphics\ROVECTOR.GIF
Graphics\LIMITR.GIF
Graphics\jacobian_coord_functions.GIF
Graphics\gradient1.GIF
Graphics\derivative_operator.GIF
Graphics\denom.GIF
Graphics\continued_fraction.GIF
Graphics\img_resetBrightness.png
Graphics\img_zoomReset.png
Graphics\assume_two_variables.GIF
Graphics\Odesolve_graph.GIF
Graphics\limit_from_left_button.GIF
Graphics\symbolic_variable_error.GIF
Graphics\ODE.gif
Graphics\mixednumbers2.gif
Graphics\custom4.GIF
Graphics\formatting_style_button.gif
Graphics\edexp104.gif
Graphics\posdef.gif
Graphics\mixed_number_op.gif
Graphics\odivide.gif
Graphics\STATUS_BAR.GIF
Graphics\SURFVERT.GIF
Graphics\NESTED.GIF
Graphics\solve_periodic.GIF
Graphics\symbolic_definite_integral.GIF
Graphics\symbolic_integral.GIF
Graphics\laplace_transform_double_vars.GIF
Graphics\laplace_transform_nondefault_var.GIF
Graphics\img_selectRect.png
Graphics\assume_ALL.GIF
Graphics\converting_symbolic_result.GIF
Graphics\chained_keywords.GIF
Graphics\radical2.GIF
Graphics\welcome.gif
Graphics\HFDATE.GIF
Graphics\HFNAME.GIF
Graphics\menu.gif
Graphics\widedoc1.gif
Graphics\LEGFUNCTION.GIF
Graphics\hypergeom.gif
Graphics\boldeq.gif
Graphics\deriv.gif
Graphics\ODERIVE1.GIF
Graphics\custom5.GIF
Graphics\edexp105.gif
Graphics\prog_if6.gif
Graphics\barlayou.gif
Graphics\GRAFXSTY.GIF
Graphics\defining_variable.GIF
Graphics\variance_numerical.GIF
Graphics\symbol_vector_ex.GIF
Graphics\augmented_Jacobian.GIF
Graphics\ODE_new_vars.GIF
Graphics\explict_with_substitute.GIF
Graphics\img_pan.png
Graphics\img_adjustBrightness.png
Graphics\Toolbar_picture.png
Graphics\adding_fractions.GIF
Graphics\expand.GIF
Graphics\widedoc2.gif
Graphics\eqchisq.gif
Graphics\skew.gif
Graphics\ODEderiv.gif
Graphics\POISSON.GIF
Graphics\eqntoggl.gif
Graphics\num1.gif
Graphics\nestexp1.gif
Graphics\INCICON.GIF
Graphics\op_while.gif
Graphics\UCNVRT1.GIF
Graphics\ODERIVE2.GIF
Graphics\ROABVEC.GIF
Graphics\OSQRT.GIF
Graphics\PROGPAL.GIF
Graphics\custom6.GIF
Graphics\textrec.gif
Graphics\GREEK.GIF
Graphics\bas_eva1.gif
Graphics\edexp106.gif
Graphics\OCONJUGA.GIF
Graphics\fog.gif
Graphics\image4.gif
Graphics\matrix_inverse_compare.GIF
Graphics\confrac_vector.GIF
Graphics\img_flip.png
Graphics\partial_fractions_irrational.GIF
Graphics\adding_radicals.GIF
Graphics\chained_results.GIF
Graphics\keywords_example.GIF
Graphics\symbolic_derivative.GIF
Graphics\ST2_ERFC.GIF
Graphics\eqbeta.gif
Graphics\num2.gif
Graphics\nestexp2.gif
Graphics\alignv.gif
Graphics\ODERIVE3.GIF
Graphics\custom7.GIF
Graphics\boolicon.gif
Graphics\bas_eva2.gif
Graphics\invalid2.gif
Graphics\float_Zeta.GIF
Graphics\modifier_toolbar.GIF
Graphics\img_selectColumn.png
Graphics\img_selectPixel.png
Graphics\img_resetGrayscale.png
Graphics\explicit_with_solve.GIF
Graphics\combin.gif
Graphics\globe.gif
Graphics\PARTDERIV.GIF
Graphics\op_for1.gif
Graphics\custom8.GIF
Graphics\Toolbar_standard.gif
Graphics\formatting_bold_button.gif
Graphics\edexp406.gif
Graphics\unitslv.gif
Graphics\errortr.gif
Graphics\b_and.gif
Graphics\PROG2.GIF
Graphics\H2.gif
Graphics\image6.gif
Graphics\GRAFLOG.GIF
Graphics\cauchy_example1.GIF
Graphics\genfit.GIF
Graphics\ODE_form.gif
Graphics\jacobian_ex2.GIF
Graphics\img_copy.png
Graphics\solve_and_factor2.GIF
Graphics\a_plus_bi_conj.GIF
Graphics\limit_from_right_button.GIF
Graphics\Taylor_series_order8.GIF
Graphics\ODEjacob.gif
Graphics\eqpois.gif
Graphics\PERMUNOTE.GIF
Graphics\unitconv1.GIF
Graphics\locked.gif
Graphics\custom9.GIF
Graphics\formatting_size_button.gif
Graphics\graph_toolbar.gif
Graphics\graphbut.gif
Graphics\calculator_toolbar.gif
Graphics\edelpar1.gif
Graphics\edexp109.gif
Graphics\EQSTR3.GIF
Graphics\XYMULT.GIF
Graphics\GRAFNUM.GIF
Graphics\cauchy_example2.GIF
Graphics\definite_integral.GIF
Graphics\raw.GIF
Graphics\jacobian_ex3.GIF
Graphics\gradientex1.gif
Graphics\graddef1.GIF
Graphics\definite_integral_operator.GIF
Graphics\explicit_with_factor.GIF
Graphics\IPEXAMP1.GIF
Graphics\differenceeq.gif
Graphics\ST2_GAMM.GIF
Graphics\alignh.gif
Graphics\unitconv2.GIF
Graphics\formatting_leftal.gif
Graphics\FORMATTING_FONT_BUTTON.GIF
Graphics\edexp408.gif
Graphics\cursor1.gif
Graphics\freq.gif
Graphics\fft_ifft.gif
Graphics\espace1.gif
Graphics\float.gif
Graphics\fmap.gif
Graphics\image8.gif
Graphics\Hermitian_transpose.GIF
Graphics\cauchy_principal_value.GIF
Graphics\statespace.GIF
Graphics\y_equals_golden.GIF
Graphics\jacobian_ex4.GIF
Graphics\gradientex2.GIF
Graphics\graddef2.GIF
Graphics\derivative_operator_complete.GIF
Graphics\symbolic_toolbar.GIF
Graphics\img_selectRow.png
Graphics\partial_fractions_irrational_roots.GIF
Graphics\a_plus_bi_conj_complex.GIF
Graphics\Taylor_series_around_4.GIF
Graphics\ST2_ERF.GIF
Graphics\eqlogis.gif
Graphics\eqgamma.gif
Graphics\eqcauchy.gif
Graphics\ITERVEC.GIF
Graphics\cgsunits.gif
Graphics\PRGCONT2.GIF
Graphics\PROGDEF1.GIF
Graphics\unitconv3.GIF
Graphics\matrix_toolbar.gif
Graphics\matrixicon.gif
Graphics\CURSOR2.GIF
Graphics\break.GIF
Graphics\helpbut.gif
Graphics\espace2.gif
Graphics\optimize1.gif
Graphics\GRAFGRID.GIF
Graphics\matrix_exponential.GIF
Graphics\jacobian_ex5.GIF
Graphics\gradientex3.GIF
Graphics\derivative_button.GIF
Graphics\laplace_transform_new_vars.GIF
Graphics\img_rotate.png
Graphics\parfrac_two_vars.GIF
Graphics\two_sided_limit_button.GIF
Graphics\substitute1.GIF
Graphics\coeffs_example1.GIF
Graphics\toolbar_debug.gif
Graphics\STDERR.GIF
Graphics\corr.gif
Graphics\ITERFUNC.GIF
Graphics\pntrresz.gif
Graphics\progdef2.gif
Graphics\OSUMMAT0.GIF
Graphics\super-sub.gif
Graphics\FORMATTING_BULLETS.GIF
Graphics\unitconv4.GIF
Graphics\PRGCONT3.GIF
Graphics\optimize2.gif
Graphics\KEYSICON.GIF
Graphics\def_equals_symbolic.GIF
Graphics\gradientex4.GIF
Graphics\numer.GIF
Graphics\img_zoomToWindow.png
Graphics\img_transpose.png
Graphics\coeffs_example2.GIF
Graphics\editing1.GIF
Graphics\HFTIME.GIF
Graphics\HFTIMESVD.GIF
Graphics\HFPATH.GIF
Graphics\IBETA.GIF
Graphics\UCHEB.GIF
Graphics\eqlnorm.gif
Graphics\areaname.gif
Graphics\progdef3.gif
Graphics\anchorpt.gif
Graphics\UNITSIMP.GIF
Graphics\OCTRLENT.GIF
Graphics\math_toolbar.gif
Graphics\unitconv5.GIF
Graphics\invalid.gif
Graphics\LIMITEX.GIF
Graphics\F_mesh.gif
Graphics\solving_quadratic.GIF
Graphics\substitute3.GIF
Graphics\keywords_example2.GIF
Graphics\coeffs_example3.GIF
Graphics\editing2.GIF
Graphics\hmean.gif
Graphics\binomial.gif
Graphics\gauss1.gif
Graphics\regresscoeffs.gif
Graphics\REF_WEBBROWSE.GIF
Graphics\RECURS.GIF
Graphics\op_for.gif
Graphics\PROGDEF4.GIF
Graphics\PICTSELECTED.GIF
Graphics\OITERPR0.GIF
Graphics\PDEfunc.gif
Graphics\fftfreq.gif
Graphics\LIMITL.GIF
Graphics\laplace_dirac_heaviside.GIF
Graphics\jacobian_third_arg.GIF
Graphics\indefinite_integral_button.GIF
Graphics\img_selectImage.png
Graphics\laplace_transform_one_var.GIF
Graphics\edme4.gif
Graphics\editing3.GIF
Graphics\HFTOTALPG.GIF
Graphics\eqdnbinom.gif
Graphics\gauss2.gif
Graphics\componts.gif
Graphics\bulletsbutton.gif
Graphics\TRIPLEEQ.GIF
Graphics\area.gif
Graphics\OSUMMAT3.GIF
Graphics\evalicon.gif
Graphics\calculus_toolbar.gif
Graphics\revvideo.gif
Graphics\b_or.gif
Graphics\b_not.gif
Graphics\graph-placeholder.gif
Graphics\tutor_button.gif
ehlpdhtm.js
Mcad.ppf
Graphics\H5.gif
ss_btn_related_topics.gif
MAIN_TOPIC_ns.css
home_ns.css
whxdata\whtdata0.xml
whxdata\whidata0.xml
whxdata\whftdata0.xml
whxdata\whfwdata0.xml
whdata\whtdata0.htm
whdata\whidata0.htm
whdata\whftdata0.htm
whdata\whfwdata0.htm
whgdata\whlstt0.htm
whgdata\whlstt1.htm
whgdata\whlstt2.htm
whgdata\whlstt3.htm
whgdata\whlstt4.htm
whgdata\whlstt5.htm
whgdata\whlstt6.htm
whgdata\whlstt7.htm
whgdata\whlstt8.htm
whgdata\whlstt9.htm
whgdata\whlstt10.htm
whgdata\whlstt11.htm
whgdata\whlstt12.htm
whgdata\whlstt13.htm
whgdata\whlstt14.htm
whgdata\whlstt15.htm
whgdata\whlstt16.htm
whgdata\whlstt17.htm
whgdata\whlstt18.htm
whgdata\whlstt19.htm
whgdata\whlstt20.htm
whgdata\whlstt21.htm
whgdata\whlstt22.htm
whgdata\whlstt23.htm
whgdata\whlstt24.htm
whgdata\whlstt25.htm
whgdata\whlstt26.htm
whgdata\whlstt27.htm
whgdata\whlstt28.htm
whgdata\whlstt29.htm
whgdata\whlstt30.htm
whgdata\whlstt31.htm
whgdata\whlstt32.htm
whgdata\whlstt33.htm
whgdata\whlstt34.htm
whgdata\whlstt35.htm
whgdata\whlstt36.htm
whgdata\whlstt37.htm
whgdata\whlstt38.htm
whgdata\whlstt39.htm
whgdata\whlstt40.htm
whgdata\whlstt41.htm
whgdata\whlstt42.htm
whgdata\whlstt43.htm
whgdata\whlstt44.htm
whgdata\whlstt45.htm
whgdata\whlstt46.htm
whgdata\whlstt47.htm
whgdata\whlstt48.htm
whgdata\whlstt49.htm
whgdata\whlstt50.htm
whgdata\whlstt51.htm
whgdata\whlstt52.htm
whgdata\whlstt53.htm
whgdata\whlsti0.htm
whgdata\whlsti1.htm
whgdata\whlsti2.htm
whgdata\whlsti3.htm
whgdata\whlsti4.htm
whgdata\whlsti5.htm
whgdata\whlstfl0.htm
whgdata\whlstfl1.htm
whgdata\whlstfl2.htm
whgdata\whlstfl3.htm
whgdata\whlstfl4.htm
whgdata\whlstfl5.htm
whgdata\whlstfl6.htm
whgdata\whlstfl7.htm
whgdata\whlstfl8.htm
whgdata\whlstfl9.htm
whgdata\whlstfl10.htm
whgdata\whlstfl11.htm
whgdata\whlstfl12.htm
whgdata\whlstfl13.htm
whgdata\whlstfl14.htm
whgdata\whlstfl15.htm
whgdata\whlstfl16.htm
whgdata\whlstfl17.htm
whgdata\whlstfl18.htm
whgdata\whlstfl19.htm
whgdata\whlstfl20.htm
whgdata\whlstfl21.htm
whgdata\whlstfl22.htm
whgdata\whlstfl23.htm
whgdata\whlstfl24.htm
whgdata\whlstfl25.htm
whgdata\whlstfl26.htm
whgdata\whlstf0.htm
whgdata\whlstf1.htm
whgdata\whlstf2.htm
whgdata\whlstf3.htm
whgdata\whlstf4.htm
whgdata\whlstf5.htm
whgdata\whlstf6.htm
whgdata\whlstf7.htm
whgdata\whlstf8.htm
whgdata\whlstf9.htm
whgdata\whlstf10.htm
whgdata\whlstf11.htm
whgdata\whlstf12.htm
whgdata\whlstf13.htm
whgdata\whlstf14.htm
whgdata\whlstf15.htm
whgdata\whlstf16.htm
whgdata\whlstf17.htm
whgdata\whlstf18.htm
whgdata\whlstf19.htm
whgdata\whlstf20.htm
whgdata\whlstf21.htm
whgdata\whlstf22.htm
whgdata\whlstf23.htm
whgdata\whlstf24.htm
whgdata\whlstf25.htm
whgdata\whlstf26.htm
whgdata\whlstf27.htm
whgdata\whlstf28.htm
whgdata\whlstf29.htm
whgdata\whlstf30.htm
whgdata\whlstf31.htm
whgdata\whlstf32.htm
whgdata\whlstf33.htm
whgdata\whlstf34.htm
whgdata\whlstf35.htm
whgdata\whlstf36.htm
whgdata\whlstf37.htm
whgdata\whlstf38.htm
whgdata\whlstf39.htm
whgdata\whlstf40.htm
whgdata\whlstf41.htm
whgdata\whlstf42.htm
whgdata\whlstf43.htm
whgdata\whlstf44.htm
whgdata\whlstf45.htm
whgdata\whlstf46.htm
whgdata\whlstf47.htm
whgdata\whlstf48.htm
whgdata\whlstf49.htm
whgdata\whlstf50.htm
whgdata\whlstf51.htm
whgdata\whlstf52.htm
whgdata\whlstf53.htm
whgdata\whlstf54.htm
whgdata\whlstf55.htm
whgdata\whlstf56.htm
whgdata\whlstf57.htm
whgdata\whlstf58.htm
whgdata\whlstf59.htm
whgdata\whlstf60.htm
whgdata\whlstf61.htm
whgdata\whlstf62.htm
whgdata\whlstf63.htm
whgdata\whlstg0.htm
Mcad.htm
Mcad_csh.htm
Mcad_rhc.htm
